<?xml version="1.0" encoding="UTF-8"?>
<testng-results ignored="0" total="6" passed="6" failed="0" skipped="0">
  <reporter-output>
  </reporter-output>
  <suite started-at="2025-02-01T14:39:04 IST" name="Default suite" finished-at="2025-02-01T14:39:04 IST" duration-ms="266">
    <groups>
    </groups>
    <test started-at="2025-02-01T14:39:04 IST" name="Default test" finished-at="2025-02-01T14:39:04 IST" duration-ms="266">
      <class name="TestNG.BeforeAftermethod">
        <test-method is-config="true" signature="beforeMethod()[pri:0, instance:TestNG.BeforeAftermethod@4c12331b]" started-at="2025-02-01T14:39:04 IST" name="beforeMethod" finished-at="2025-02-01T14:39:04 IST" duration-ms="13" status="PASS">
          <reporter-output>
          </reporter-output>
        </test-method> <!-- beforeMethod -->
        <test-method signature="testcase1()[pri:0, instance:TestNG.BeforeAftermethod@4c12331b]" started-at="2025-02-01T14:39:04 IST" name="testcase1" finished-at="2025-02-01T14:39:04 IST" duration-ms="15" status="PASS">
          <reporter-output>
          </reporter-output>
        </test-method> <!-- testcase1 -->
        <test-method is-config="true" signature="afterMethod()[pri:0, instance:TestNG.BeforeAftermethod@4c12331b]" started-at="2025-02-01T14:39:04 IST" name="afterMethod" finished-at="2025-02-01T14:39:04 IST" duration-ms="2" status="PASS">
          <reporter-output>
          </reporter-output>
        </test-method> <!-- afterMethod -->
        <test-method is-config="true" signature="beforeMethod()[pri:0, instance:TestNG.BeforeAftermethod@4c12331b]" started-at="2025-02-01T14:39:04 IST" name="beforeMethod" finished-at="2025-02-01T14:39:04 IST" duration-ms="1" status="PASS">
          <reporter-output>
          </reporter-output>
        </test-method> <!-- beforeMethod -->
        <test-method signature="testcase1(int,int)[pri:0, instance:TestNG.BeforeAftermethod@4c12331b]" started-at="2025-02-01T14:39:04 IST" name="testcase1" data-provider=" dataprovider" finished-at="2025-02-01T14:39:04 IST" duration-ms="10" status="PASS">
          <params>
            <param index="0">
              <value>
                <![CDATA[3]]>
              </value>
            </param>
            <param index="1">
              <value>
                <![CDATA[2]]>
              </value>
            </param>
          </params>
          <reporter-output>
          </reporter-output>
        </test-method> <!-- testcase1 -->
        <test-method is-config="true" signature="afterMethod()[pri:0, instance:TestNG.BeforeAftermethod@4c12331b]" started-at="2025-02-01T14:39:04 IST" name="afterMethod" finished-at="2025-02-01T14:39:04 IST" duration-ms="0" status="PASS">
          <reporter-output>
          </reporter-output>
        </test-method> <!-- afterMethod -->
        <test-method is-config="true" signature="beforeMethod()[pri:0, instance:TestNG.BeforeAftermethod@4c12331b]" started-at="2025-02-01T14:39:04 IST" name="beforeMethod" finished-at="2025-02-01T14:39:04 IST" duration-ms="3" status="PASS">
          <reporter-output>
          </reporter-output>
        </test-method> <!-- beforeMethod -->
        <test-method signature="testcase1(int,int)[pri:0, instance:TestNG.BeforeAftermethod@4c12331b]" started-at="2025-02-01T14:39:04 IST" name="testcase1" data-provider=" dataprovider" finished-at="2025-02-01T14:39:04 IST" duration-ms="9" status="PASS">
          <params>
            <param index="0">
              <value>
                <![CDATA[4]]>
              </value>
            </param>
            <param index="1">
              <value>
                <![CDATA[6]]>
              </value>
            </param>
          </params>
          <reporter-output>
          </reporter-output>
        </test-method> <!-- testcase1 -->
        <test-method is-config="true" signature="afterMethod()[pri:0, instance:TestNG.BeforeAftermethod@4c12331b]" started-at="2025-02-01T14:39:04 IST" name="afterMethod" finished-at="2025-02-01T14:39:04 IST" duration-ms="1" status="PASS">
          <reporter-output>
          </reporter-output>
        </test-method> <!-- afterMethod -->
        <test-method is-config="true" signature="beforeMethod()[pri:0, instance:TestNG.BeforeAftermethod@4c12331b]" started-at="2025-02-01T14:39:04 IST" name="beforeMethod" finished-at="2025-02-01T14:39:04 IST" duration-ms="4" status="PASS">
          <reporter-output>
          </reporter-output>
        </test-method> <!-- beforeMethod -->
        <test-method signature="testcase1(int,int)[pri:0, instance:TestNG.BeforeAftermethod@4c12331b]" started-at="2025-02-01T14:39:04 IST" name="testcase1" data-provider=" dataprovider" finished-at="2025-02-01T14:39:04 IST" duration-ms="6" status="PASS">
          <params>
            <param index="0">
              <value>
                <![CDATA[3]]>
              </value>
            </param>
            <param index="1">
              <value>
                <![CDATA[9]]>
              </value>
            </param>
          </params>
          <reporter-output>
          </reporter-output>
        </test-method> <!-- testcase1 -->
        <test-method is-config="true" signature="afterMethod()[pri:0, instance:TestNG.BeforeAftermethod@4c12331b]" started-at="2025-02-01T14:39:04 IST" name="afterMethod" finished-at="2025-02-01T14:39:04 IST" duration-ms="1" status="PASS">
          <reporter-output>
          </reporter-output>
        </test-method> <!-- afterMethod -->
        <test-method is-config="true" signature="beforeMethod()[pri:0, instance:TestNG.BeforeAftermethod@4c12331b]" started-at="2025-02-01T14:39:04 IST" name="beforeMethod" finished-at="2025-02-01T14:39:04 IST" duration-ms="1" status="PASS">
          <reporter-output>
          </reporter-output>
        </test-method> <!-- beforeMethod -->
        <test-method signature="testcase1(int,int)[pri:0, instance:TestNG.BeforeAftermethod@4c12331b]" started-at="2025-02-01T14:39:04 IST" name="testcase1" data-provider=" dataprovider" finished-at="2025-02-01T14:39:04 IST" duration-ms="9" status="PASS">
          <params>
            <param index="0">
              <value>
                <![CDATA[7]]>
              </value>
            </param>
            <param index="1">
              <value>
                <![CDATA[8]]>
              </value>
            </param>
          </params>
          <reporter-output>
          </reporter-output>
        </test-method> <!-- testcase1 -->
        <test-method is-config="true" signature="afterMethod()[pri:0, instance:TestNG.BeforeAftermethod@4c12331b]" started-at="2025-02-01T14:39:04 IST" name="afterMethod" finished-at="2025-02-01T14:39:04 IST" duration-ms="4" status="PASS">
          <reporter-output>
          </reporter-output>
        </test-method> <!-- afterMethod -->
        <test-method is-config="true" signature="beforeMethod()[pri:0, instance:TestNG.BeforeAftermethod@4c12331b]" started-at="2025-02-01T14:39:04 IST" name="beforeMethod" finished-at="2025-02-01T14:39:04 IST" duration-ms="1" status="PASS">
          <reporter-output>
          </reporter-output>
        </test-method> <!-- beforeMethod -->
        <test-method signature="testcase2()[pri:0, instance:TestNG.BeforeAftermethod@4c12331b]" started-at="2025-02-01T14:39:04 IST" name="testcase2" finished-at="2025-02-01T14:39:04 IST" duration-ms="9" status="PASS">
          <reporter-output>
          </reporter-output>
        </test-method> <!-- testcase2 -->
        <test-method is-config="true" signature="afterMethod()[pri:0, instance:TestNG.BeforeAftermethod@4c12331b]" started-at="2025-02-01T14:39:04 IST" name="afterMethod" finished-at="2025-02-01T14:39:04 IST" duration-ms="1" status="PASS">
          <reporter-output>
          </reporter-output>
        </test-method> <!-- afterMethod -->
      </class> <!-- TestNG.BeforeAftermethod -->
    </test> <!-- Default test -->
  </suite> <!-- Default suite -->
</testng-results>
