<?xml version="1.0" encoding="UTF-8"?>
<!-- Generated by org.testng.reporters.JUnitXMLReporter -->
<testsuite ignored="1" hostname="DESKTOP-BHQF87V" failures="0" tests="9" name="myTest" time="0.684" errors="0" timestamp="2025-01-29T14:48:49 IST">
  <testcase classname="TestNG.Basicanotation" name="testcase01" time="0.053"/>
  <testcase classname="TestNG.Basicanotation" name="testcase2" time="0.062"/>
  <testcase classname="TestNG.Basicanotation" name="testcase3" time="0.006"/>
  <testcase classname="TestNG.BasicTestcase" name="testcase5" time="0.017"/>
  <testcase classname="TestNG.BasicTestcase" name="testcase2" time="0.035"/>
  <testcase classname="TestNG.BasicTestcase" name="testcase3" time="0.009"/>
  <testcase classname="TestNG.BasicTestcase" name="testcase4" time="0.009"/>
  <testcase classname="TestNG.BeforeAftermethod" name="testcase1" time="0.006"/>
  <testcase classname="TestNG.BeforeAftermethod" name="testcase2" time="0.009"/>
  <testcase classname="TestNG.BasicTestcase" name="testcase9" time="0.0">
    <ignored/>
  </testcase> <!-- testcase9 -->
</testsuite> <!-- myTest -->
