<?xml version="1.0" encoding="UTF-8"?>
<!-- Generated by org.testng.reporters.JUnitXMLReporter -->
<testsuite ignored="4" hostname="DESKTOP-BHQF87V" failures="0" tests="1" name="test1" time="0.126" errors="0" timestamp="2025-01-31T14:48:53 IST">
  <testcase classname="TestNG.BasicTestcase" name="testcase2" time="0.025"/>
  <testcase classname="TestNG.BasicTestcase" name="testcase9" time="0.0">
    <ignored/>
  </testcase> <!-- testcase9 -->
  <testcase classname="TestNG.BasicTestcase" name="testcase3" time="0.0">
    <ignored/>
  </testcase> <!-- testcase3 -->
  <testcase classname="TestNG.BasicTestcase" name="testcase5" time="0.0">
    <ignored/>
  </testcase> <!-- testcase5 -->
  <testcase classname="TestNG.BasicTestcase" name="testcase4" time="0.0">
    <ignored/>
  </testcase> <!-- testcase4 -->
</testsuite> <!-- test1 -->
