<?xml version="1.0" encoding="UTF-8"?>
<!-- Generated by org.testng.reporters.JUnitXMLReporter -->
<testsuite ignored="0" hostname="DESKTOP-BHQF87V" failures="0" tests="6" name="Default test" time="0.266" errors="0" timestamp="2025-02-01T14:39:04 IST">
  <testcase classname="TestNG.BeforeAftermethod" name="testcase1" time="0.015"/>
  <testcase classname="TestNG.BeforeAftermethod" name="testcase1" time="0.01"/>
  <testcase classname="TestNG.BeforeAftermethod" name="testcase1" time="0.009"/>
  <testcase classname="TestNG.BeforeAftermethod" name="testcase1" time="0.006"/>
  <testcase classname="TestNG.BeforeAftermethod" name="testcase1" time="0.009"/>
  <testcase classname="TestNG.BeforeAftermethod" name="testcase2" time="0.009"/>
</testsuite> <!-- Default test -->
